<?xml version="1.0" encoding="utf-8"?><testsuites><testsuite name="pytest" errors="0" failures="0" skipped="0" tests="5" time="1.234" timestamp="2023-01-01T00:00:00" hostname="test"><testcase classname="test_example" name="test_one" time="0.1"/><testcase classname="test_example" name="test_two" time="0.2"/><testcase classname="test_example" name="test_three" time="0.3"/><testcase classname="test_example" name="test_four" time="0.4"/><testcase classname="test_example" name="test_five" time="0.5"/></testsuite></testsuites>
